f:\documents\programming\visual studio 2013\projects\graphtest\basic_sdl_engi\debug\vc120.pdb
f:\documents\programming\visual studio 2013\projects\graphtest\basic_sdl_engi\debug\vc120.idb
f:\documents\programming\visual studio 2013\projects\graphtest\basic_sdl_engi\debug\errors.obj
f:\documents\programming\visual studio 2013\projects\graphtest\basic_sdl_engi\debug\glslprogram.obj
f:\documents\programming\visual studio 2013\projects\graphtest\basic_sdl_engi\debug\imageloader.obj
f:\documents\programming\visual studio 2013\projects\graphtest\basic_sdl_engi\debug\iomanager.obj
f:\documents\programming\visual studio 2013\projects\graphtest\basic_sdl_engi\debug\picopng.obj
f:\documents\programming\visual studio 2013\projects\graphtest\basic_sdl_engi\debug\resourcemanager.obj
f:\documents\programming\visual studio 2013\projects\graphtest\basic_sdl_engi\debug\sprite.obj
f:\documents\programming\visual studio 2013\projects\graphtest\basic_sdl_engi\debug\texturecache.obj
f:\documents\programming\visual studio 2013\projects\graphtest\basic_sdl_engi\debug\window.obj
f:\documents\programming\visual studio 2013\projects\graphtest\basic_sdl_engi\debug\basic_sdl_engi.obj
f:\documents\programming\visual studio 2013\projects\graphtest\basic_sdl_engi\debug\camera2d.obj
f:\documents\programming\visual studio 2013\projects\graphtest\basic_sdl_engi\debug\spritebatch.obj
f:\documents\programming\visual studio 2013\projects\graphtest\basic_sdl_engi\debug\inputmanager.obj
f:\documents\programming\visual studio 2013\projects\graphtest\basic_sdl_engi\debug\time.obj
c:\users\tzeryushi\desktop\progproject\projectdankmemes\basic_sdl_engi\debug\vc120.pdb
c:\users\tzeryushi\desktop\progproject\projectdankmemes\basic_sdl_engi\debug\vc120.idb
c:\users\tzeryushi\desktop\progproject\projectdankmemes\basic_sdl_engi\debug\audio.obj
c:\users\tzeryushi\desktop\progproject\projectdankmemes\basic_sdl_engi\debug\basic_sdl_engi.obj
c:\users\tzeryushi\desktop\progproject\projectdankmemes\basic_sdl_engi\debug\camera2d.obj
c:\users\tzeryushi\desktop\progproject\projectdankmemes\basic_sdl_engi\debug\errors.obj
c:\users\tzeryushi\desktop\progproject\projectdankmemes\basic_sdl_engi\debug\glslprogram.obj
c:\users\tzeryushi\desktop\progproject\projectdankmemes\basic_sdl_engi\debug\imageloader.obj
c:\users\tzeryushi\desktop\progproject\projectdankmemes\basic_sdl_engi\debug\inputmanager.obj
c:\users\tzeryushi\desktop\progproject\projectdankmemes\basic_sdl_engi\debug\iomanager.obj
c:\users\tzeryushi\desktop\progproject\projectdankmemes\basic_sdl_engi\debug\picopng.obj
c:\users\tzeryushi\desktop\progproject\projectdankmemes\basic_sdl_engi\debug\resourcemanager.obj
c:\users\tzeryushi\desktop\progproject\projectdankmemes\basic_sdl_engi\debug\sprite.obj
c:\users\tzeryushi\desktop\progproject\projectdankmemes\basic_sdl_engi\debug\spritebatch.obj
c:\users\tzeryushi\desktop\progproject\projectdankmemes\basic_sdl_engi\debug\texturecache.obj
c:\users\tzeryushi\desktop\progproject\projectdankmemes\basic_sdl_engi\debug\time.obj
c:\users\tzeryushi\desktop\progproject\projectdankmemes\basic_sdl_engi\debug\window.obj
f:\documents\programming\visual studio 2013\projects\graphtest\debug\basic_sdl_engi.lib
c:\users\tzeryushi\desktop\progproject\projectdankmemes\debug\basic_sdl_engi.lib
c:\users\tzeryushi\desktop\progproject\projectdankmemes\basic_sdl_engi\debug\basic_sdl_engi.tlog\cl.command.1.tlog
c:\users\tzeryushi\desktop\progproject\projectdankmemes\basic_sdl_engi\debug\basic_sdl_engi.tlog\cl.read.1.tlog
c:\users\tzeryushi\desktop\progproject\projectdankmemes\basic_sdl_engi\debug\basic_sdl_engi.tlog\cl.write.1.tlog
c:\users\tzeryushi\desktop\progproject\projectdankmemes\basic_sdl_engi\debug\basic_sdl_engi.tlog\lib-link.read.1.tlog
c:\users\tzeryushi\desktop\progproject\projectdankmemes\basic_sdl_engi\debug\basic_sdl_engi.tlog\lib-link.write.1.tlog
c:\users\tzeryushi\desktop\progproject\projectdankmemes\basic_sdl_engi\debug\basic_sdl_engi.tlog\lib.command.1.tlog
