  MainGame.cpp
c:\users\tzeryushi\desktop\progproject\projectdankmemes\basic_sdl_engi\gltexture.h(8): warning C4099: 'basic_SDL_engi::GLTexture' : type name first seen using 'class' now seen using 'struct'
          c:\users\tzeryushi\desktop\progproject\projectdankmemes\basic_sdl_engi\spritefont.h(36) : see declaration of 'basic_SDL_engi::GLTexture'
c:\users\tzeryushi\desktop\progproject\projectdankmemes\runnergame\maingame.cpp(34): warning C4018: '<' : signed/unsigned mismatch
c:\users\tzeryushi\desktop\progproject\projectdankmemes\runnergame\maingame.cpp(38): warning C4018: '<' : signed/unsigned mismatch
c:\users\tzeryushi\desktop\progproject\projectdankmemes\runnergame\maingame.cpp(106): warning C4018: '<' : signed/unsigned mismatch
c:\users\tzeryushi\desktop\progproject\projectdankmemes\runnergame\maingame.cpp(122): warning C4018: '<' : signed/unsigned mismatch
c:\users\tzeryushi\desktop\progproject\projectdankmemes\runnergame\maingame.cpp(152): warning C4244: 'initializing' : conversion from 'Uint32' to 'float', possible loss of data
c:\users\tzeryushi\desktop\progproject\projectdankmemes\runnergame\maingame.cpp(169): warning C4244: 'initializing' : conversion from 'Uint32' to 'float', possible loss of data
c:\users\tzeryushi\desktop\progproject\projectdankmemes\runnergame\maingame.cpp(223): warning C4244: 'initializing' : conversion from 'Uint32' to 'float', possible loss of data
c:\users\tzeryushi\desktop\progproject\projectdankmemes\runnergame\maingame.cpp(316): warning C4018: '<' : signed/unsigned mismatch
c:\users\tzeryushi\desktop\progproject\projectdankmemes\runnergame\maingame.cpp(322): warning C4018: '<' : signed/unsigned mismatch
c:\users\tzeryushi\desktop\progproject\projectdankmemes\runnergame\maingame.cpp(325): warning C4018: '<' : signed/unsigned mismatch
c:\users\tzeryushi\desktop\progproject\projectdankmemes\runnergame\maingame.cpp(336): warning C4244: '+=' : conversion from 'float' to 'int', possible loss of data
c:\users\tzeryushi\desktop\progproject\projectdankmemes\runnergame\maingame.cpp(374): warning C4244: 'argument' : conversion from 'Sint32' to 'float', possible loss of data
c:\users\tzeryushi\desktop\progproject\projectdankmemes\runnergame\maingame.cpp(453): warning C4018: '<' : signed/unsigned mismatch
  Generating Code...
  Compiling...
  main.cpp
c:\users\tzeryushi\desktop\progproject\projectdankmemes\basic_sdl_engi\gltexture.h(8): warning C4099: 'basic_SDL_engi::GLTexture' : type name first seen using 'class' now seen using 'struct'
          c:\users\tzeryushi\desktop\progproject\projectdankmemes\basic_sdl_engi\spritefont.h(36) : see declaration of 'basic_SDL_engi::GLTexture'
  Generating Code...
  runnerGame.vcxproj -> C:\Users\Tzeryushi\Desktop\progProject\ProjectDankMemes\Debug\runnerGame.exe
