c:\users\tzeryushi\desktop\progproject\projectdankmemes\runnergame\debug\vc120.pdb
c:\users\tzeryushi\desktop\progproject\projectdankmemes\runnergame\debug\vc120.idb
c:\users\tzeryushi\desktop\progproject\projectdankmemes\runnergame\debug\agent.obj
c:\users\tzeryushi\desktop\progproject\projectdankmemes\runnergame\debug\button.obj
c:\users\tzeryushi\desktop\progproject\projectdankmemes\runnergame\debug\chaser.obj
c:\users\tzeryushi\desktop\progproject\projectdankmemes\runnergame\debug\level.obj
c:\users\tzeryushi\desktop\progproject\projectdankmemes\runnergame\debug\main.obj
c:\users\tzeryushi\desktop\progproject\projectdankmemes\runnergame\debug\maingame.obj
c:\users\tzeryushi\desktop\progproject\projectdankmemes\runnergame\debug\player.obj
c:\users\tzeryushi\desktop\progproject\projectdankmemes\runnergame\debug\sfx.obj
c:\users\tzeryushi\desktop\progproject\projectdankmemes\runnergame\debug\music.obj
c:\users\tzeryushi\desktop\progproject\projectdankmemes\runnergame\debug\charinput.obj
c:\users\tzeryushi\desktop\progproject\projectdankmemes\debug\runnergame.ilk
c:\users\tzeryushi\desktop\progproject\projectdankmemes\debug\runnergame.exe
c:\users\tzeryushi\desktop\progproject\projectdankmemes\debug\runnergame.pdb
c:\users\tzeryushi\desktop\progproject\projectdankmemes\runnergame\debug\runnergame.res
c:\users\tzeryushi\desktop\progproject\projectdankmemes\runnergame\debug\runnergame.tlog\cl.command.1.tlog
c:\users\tzeryushi\desktop\progproject\projectdankmemes\runnergame\debug\runnergame.tlog\cl.read.1.tlog
c:\users\tzeryushi\desktop\progproject\projectdankmemes\runnergame\debug\runnergame.tlog\cl.write.1.tlog
c:\users\tzeryushi\desktop\progproject\projectdankmemes\runnergame\debug\runnergame.tlog\link.command.1.tlog
c:\users\tzeryushi\desktop\progproject\projectdankmemes\runnergame\debug\runnergame.tlog\link.read.1.tlog
c:\users\tzeryushi\desktop\progproject\projectdankmemes\runnergame\debug\runnergame.tlog\link.write.1.tlog
c:\users\tzeryushi\desktop\progproject\projectdankmemes\runnergame\debug\runnergame.tlog\rc.command.1.tlog
c:\users\tzeryushi\desktop\progproject\projectdankmemes\runnergame\debug\runnergame.tlog\rc.read.1.tlog
c:\users\tzeryushi\desktop\progproject\projectdankmemes\runnergame\debug\runnergame.tlog\rc.write.1.tlog
